2025-12-22 13:22:50,248 DEBUG debug message
2025-12-22 13:22:50,249 INFO Info message
2025-12-22 13:22:50,249 WARNING warning message
2025-12-22 13:22:50,249 ERROR error message
2025-12-22 13:22:50,249 CRITICAL critical message
2025-12-22 13:23:57,146 DEBUG debug message
2025-12-22 13:23:57,147 INFO Info message
2025-12-22 13:23:57,148 WARNING warning message
2025-12-22 13:23:57,148 ERROR error message
2025-12-22 13:23:57,148 CRITICAL critical message
2025-12-22 20:39:35,031 DEBUG debug message
2025-12-22 20:39:35,033 INFO Info message
2025-12-22 20:39:35,034 WARNING warning message
2025-12-22 20:39:35,034 ERROR error message
2025-12-22 20:39:35,034 CRITICAL critical message
2025-12-22 20:47:33,377 DEBUG debug message
2025-12-22 20:47:33,382 INFO Info message
2025-12-22 20:47:33,382 WARNING warning message
2025-12-22 20:47:33,382 ERROR error message
2025-12-22 20:47:33,382 CRITICAL critical message
